# JRE version: OpenJDK Runtime Environment (8.0_152-b01) (build 1.8.0_152-release-915-b01)
# Java VM: OpenJDK 64-Bit Server VM (25.152-b01 mixed mode windows-amd64 compressed oops)
Heap:
 PSYoungGen      total 224256K, used 35815K [0x00000000e0000000, 0x00000000f3d80000, 0x0000000100000000)
  eden space 206848K, 8% used [0x00000000e0000000,0x00000000e11ff330,0x00000000eca00000)
  from space 17408K, 99% used [0x00000000eca00000,0x00000000edafa998,0x00000000edb00000)
  to   space 20480K, 0% used [0x00000000f2980000,0x00000000f2980000,0x00000000f3d80000)
 ParOldGen       total 76800K, used 34227K [0x00000000a0000000, 0x00000000a4b00000, 0x00000000e0000000)
  object space 76800K, 44% used [0x00000000a0000000,0x00000000a216cd10,0x00000000a4b00000)
 Metaspace       used 67268K, capacity 69522K, committed 69848K, reserved 1110016K
  class space    used 8846K, capacity 9362K, committed 9472K, reserved 1048576K
GC Heap History (10 events):
Event: 26.062 GC heap before
{Heap before GC invocations=12 (full 2):
 PSYoungGen      total 123392K, used 113152K [0x00000000e0000000, 0x00000000eb380000, 0x0000000100000000)
  eden space 113152K, 100% used [0x00000000e0000000,0x00000000e6e80000,0x00000000e6e80000)
  from space 10240K, 0% used [0x00000000e6e80000,0x00000000e6e80000,0x00000000e7880000)
  to   space 11264K, 0% used [0x00000000ea880000,0x00000000ea880000,0x00000000eb380000)
 ParOldGen       total 46592K, used 15990K [0x00000000a0000000, 0x00000000a2d80000, 0x00000000e0000000)
  object space 46592K, 34% used [0x00000000a0000000,0x00000000a0f9da88,0x00000000a2d80000)
 Metaspace       used 41758K, capacity 42664K, committed 43096K, reserved 1087488K
  class space    used 5592K, capacity 5893K, committed 6016K, reserved 1048576K
Event: 26.094 GC heap after
Heap after GC invocations=12 (full 2):
 PSYoungGen      total 166912K, used 11234K [0x00000000e0000000, 0x00000000eb380000, 0x0000000100000000)
  eden space 155648K, 0% used [0x00000000e0000000,0x00000000e0000000,0x00000000e9800000)
  from space 11264K, 99% used [0x00000000ea880000,0x00000000eb378a70,0x00000000eb380000)
  to   space 13312K, 0% used [0x00000000e9980000,0x00000000e9980000,0x00000000ea680000)
 ParOldGen       total 46592K, used 17511K [0x00000000a0000000, 0x00000000a2d80000, 0x00000000e0000000)
  object space 46592K, 37% used [0x00000000a0000000,0x00000000a1119ca8,0x00000000a2d80000)
 Metaspace       used 41758K, capacity 42664K, committed 43096K, reserved 1087488K
  class space    used 5592K, capacity 5893K, committed 6016K, reserved 1048576K
}
Event: 32.338 GC heap before
{Heap before GC invocations=13 (full 2):
 PSYoungGen      total 166912K, used 166882K [0x00000000e0000000, 0x00000000eb380000, 0x0000000100000000)
  eden space 155648K, 100% used [0x00000000e0000000,0x00000000e9800000,0x00000000e9800000)
  from space 11264K, 99% used [0x00000000ea880000,0x00000000eb378a70,0x00000000eb380000)
  to   space 13312K, 0% used [0x00000000e9980000,0x00000000e9980000,0x00000000ea680000)
 ParOldGen       total 46592K, used 17511K [0x00000000a0000000, 0x00000000a2d80000, 0x00000000e0000000)
  object space 46592K, 37% used [0x00000000a0000000,0x00000000a1119ca8,0x00000000a2d80000)
 Metaspace       used 53048K, capacity 54860K, committed 55000K, reserved 1097728K
  class space    used 7188K, capacity 7615K, committed 7680K, reserved 1048576K
Event: 32.381 GC heap after
Heap after GC invocations=13 (full 2):
 PSYoungGen      total 170496K, used 13281K [0x00000000e0000000, 0x00000000ef080000, 0x0000000100000000)
  eden space 157184K, 0% used [0x00000000e0000000,0x00000000e0000000,0x00000000e9980000)
  from space 13312K, 99% used [0x00000000e9980000,0x00000000ea678540,0x00000000ea680000)
  to   space 18432K, 0% used [0x00000000ede80000,0x00000000ede80000,0x00000000ef080000)
 ParOldGen       total 46592K, used 25830K [0x00000000a0000000, 0x00000000a2d80000, 0x00000000e0000000)
  object space 46592K, 55% used [0x00000000a0000000,0x00000000a1939888,0x00000000a2d80000)
 Metaspace       used 53048K, capacity 54860K, committed 55000K, reserved 1097728K
  class space    used 7188K, capacity 7615K, committed 7680K, reserved 1048576K
}
Event: 40.997 GC heap before
{Heap before GC invocations=14 (full 2):
 PSYoungGen      total 170496K, used 120843K [0x00000000e0000000, 0x00000000ef080000, 0x0000000100000000)
  eden space 157184K, 68% used [0x00000000e0000000,0x00000000e690a718,0x00000000e9980000)
  from space 13312K, 99% used [0x00000000e9980000,0x00000000ea678540,0x00000000ea680000)
  to   space 18432K, 0% used [0x00000000ede80000,0x00000000ede80000,0x00000000ef080000)
 ParOldGen       total 46592K, used 25830K [0x00000000a0000000, 0x00000000a2d80000, 0x00000000e0000000)
  object space 46592K, 55% used [0x00000000a0000000,0x00000000a1939888,0x00000000a2d80000)
 Metaspace       used 56971K, capacity 58862K, committed 59028K, reserved 1099776K
  class space    used 7676K, capacity 8086K, committed 8192K, reserved 1048576K
Event: 41.045 GC heap after
Heap after GC invocations=14 (full 2):
 PSYoungGen      total 220672K, used 6322K [0x00000000e0000000, 0x00000000eec00000, 0x0000000100000000)
  eden space 206848K, 0% used [0x00000000e0000000,0x00000000e0000000,0x00000000eca00000)
  from space 13824K, 45% used [0x00000000ede80000,0x00000000ee4acb08,0x00000000eec00000)
  to   space 17408K, 0% used [0x00000000eca00000,0x00000000eca00000,0x00000000edb00000)
 ParOldGen       total 46592K, used 32609K [0x00000000a0000000, 0x00000000a2d80000, 0x00000000e0000000)
  object space 46592K, 69% used [0x00000000a0000000,0x00000000a1fd8430,0x00000000a2d80000)
 Metaspace       used 56971K, capacity 58862K, committed 59028K, reserved 1099776K
  class space    used 7676K, capacity 8086K, committed 8192K, reserved 1048576K
}
Event: 41.045 GC heap before
{Heap before GC invocations=15 (full 3):
 PSYoungGen      total 220672K, used 6322K [0x00000000e0000000, 0x00000000eec00000, 0x0000000100000000)
  eden space 206848K, 0% used [0x00000000e0000000,0x00000000e0000000,0x00000000eca00000)
  from space 13824K, 45% used [0x00000000ede80000,0x00000000ee4acb08,0x00000000eec00000)
  to   space 17408K, 0% used [0x00000000eca00000,0x00000000eca00000,0x00000000edb00000)
 ParOldGen       total 46592K, used 32609K [0x00000000a0000000, 0x00000000a2d80000, 0x00000000e0000000)
  object space 46592K, 69% used [0x00000000a0000000,0x00000000a1fd8430,0x00000000a2d80000)
 Metaspace       used 56971K, capacity 58862K, committed 59028K, reserved 1099776K
  class space    used 7676K, capacity 8086K, committed 8192K, reserved 1048576K
Event: 41.513 GC heap after
Heap after GC invocations=15 (full 3):
 PSYoungGen      total 220672K, used 0K [0x00000000e0000000, 0x00000000eec00000, 0x0000000100000000)
  eden space 206848K, 0% used [0x00000000e0000000,0x00000000e0000000,0x00000000eca00000)
  from space 13824K, 0% used [0x00000000ede80000,0x00000000ede80000,0x00000000eec00000)
  to   space 17408K, 0% used [0x00000000eca00000,0x00000000eca00000,0x00000000edb00000)
 ParOldGen       total 76800K, used 33720K [0x00000000a0000000, 0x00000000a4b00000, 0x00000000e0000000)
  object space 76800K, 43% used [0x00000000a0000000,0x00000000a20ee078,0x00000000a4b00000)
 Metaspace       used 56971K, capacity 58862K, committed 59028K, reserved 1099776K
  class space    used 7676K, capacity 8086K, committed 8192K, reserved 1048576K
}
Event: 48.148 GC heap before
{Heap before GC invocations=16 (full 3):
 PSYoungGen      total 220672K, used 206848K [0x00000000e0000000, 0x00000000eec00000, 0x0000000100000000)
  eden space 206848K, 100% used [0x00000000e0000000,0x00000000eca00000,0x00000000eca00000)
  from space 13824K, 0% used [0x00000000ede80000,0x00000000ede80000,0x00000000eec00000)
  to   space 17408K, 0% used [0x00000000eca00000,0x00000000eca00000,0x00000000edb00000)
 ParOldGen       total 76800K, used 33720K [0x00000000a0000000, 0x00000000a4b00000, 0x00000000e0000000)
  object space 76800K, 43% used [0x00000000a0000000,0x00000000a20ee078,0x00000000a4b00000)
 Metaspace       used 66410K, capacity 68616K, committed 68824K, reserved 1110016K
  class space    used 8732K, capacity 9213K, committed 9216K, reserved 1048576K
Event: 48.687 GC heap after
Heap after GC invocations=16 (full 3):
 PSYoungGen      total 224256K, used 17386K [0x00000000e0000000, 0x00000000f3d80000, 0x0000000100000000)
  eden space 206848K, 0% used [0x00000000e0000000,0x00000000e0000000,0x00000000eca00000)
  from space 17408K, 99% used [0x00000000eca00000,0x00000000edafa998,0x00000000edb00000)
  to   space 20480K, 0% used [0x00000000f2980000,0x00000000f2980000,0x00000000f3d80000)
 ParOldGen       total 76800K, used 34227K [0x00000000a0000000, 0x00000000a4b00000, 0x00000000e0000000)
  object space 76800K, 44% used [0x00000000a0000000,0x00000000a216cd10,0x00000000a4b00000)
 Metaspace       used 66410K, capacity 68616K, committed 68824K, reserved 1110016K
  class space    used 8732K, capacity 9213K, committed 9216K, reserved 1048576K
}

